----------- Running Command ----------
COMMAND: /leonardo_scratch/fast/IscrB_SCORE/.venv/smartflow-nvidia/lib/python3.11/site-packages/smartsim/_core/bin/redis-server /leonardo_scratch/fast/IscrB_SCORE/.venv/smartflow-nvidia/lib/python3.11/site-packages/smartsim/_core/config/redis.conf --loadmodule /leonardo_scratch/fast/IscrB_SCORE/.venv/smartflow-nvidia/lib/python3.11/site-packages/smartsim/_core/lib/redisai.so --port 6379 --bind 127.0.0.1 --bind-source-addr 127.0.0.1
IPADDRESS: 127.0.0.1
NETWORK: lo
SMARTSIM_ORC_SHARD_INFO: {"name": "orchestrator_0", "hostname": "127.0.0.1", "port": 6379, "cluster": false}
--------------------------------------

--------------- Output ---------------


338475:C 19 Jul 2025 23:25:06.302 # WARNING Memory overcommit must be enabled! Without it, a background save or replication may fail under low memory condition. To fix this issue add 'vm.overcommit_memory = 1' to /etc/sysctl.conf and then reboot or run the command 'sysctl vm.overcommit_memory=1' for this to take effect.
338475:C 19 Jul 2025 23:25:06.302 * oO0OoO0OoO0Oo Redis is starting oO0OoO0OoO0Oo
338475:C 19 Jul 2025 23:25:06.302 * Redis version=7.2.4, bits=64, commit=d2c8a4b9, modified=0, pid=338475, just started
338475:C 19 Jul 2025 23:25:06.302 * Configuration loaded
338475:M 19 Jul 2025 23:25:06.302 * monotonic clock: POSIX clock_gettime
338475:M 19 Jul 2025 23:25:06.303 # Failed to write PID file: Permission denied
                _._
           _.-``__ ''-._
      _.-``    `.  `_.  ''-._           Redis 7.2.4 (d2c8a4b9/0) 64 bit
  .-`` .-```.  ```\/    _.,_ ''-._
 (    '      ,       .-`  | `,    )     Running in standalone mode
 |`-._`-...-` __...-.``-._|'` _.-'|     Port: 6379
 |    `-._   `._    /     _.-'    |     PID: 338475
  `-._    `-._  `-./  _.-'    _.-'
 |`-._`-._    `-.__.-'    _.-'_.-'|
 |    `-._`-._        _.-'_.-'    |           https://redis.io
  `-._    `-._`-.__.-'_.-'    _.-'
 |`-._`-._    `-.__.-'    _.-'_.-'|
 |    `-._`-._        _.-'_.-'    |
  `-._    `-._`-.__.-'_.-'    _.-'
      `-._    `-.__.-'    _.-'
          `-._        _.-'
              `-.__.-'

338475:M 19 Jul 2025 23:25:06.303 # WARNING: The TCP backlog setting of 4096 cannot be enforced because /proc/sys/net/core/somaxconn is set to the lower value of 2048.
338475:M 19 Jul 2025 23:25:06.306 * <ai> Redis version found by RedisAI: 7.2.4 - oss
338475:M 19 Jul 2025 23:25:06.306 * <ai> RedisAI version 10207, git_sha=unknown
338475:M 19 Jul 2025 23:25:06.306 * Module 'ai' loaded from /leonardo_scratch/fast/IscrB_SCORE/.venv/smartflow-nvidia/lib/python3.11/site-packages/smartsim/_core/lib/redisai.so
338475:M 19 Jul 2025 23:25:06.306 * Server initialized
338475:M 19 Jul 2025 23:25:06.307 * Ready to accept connections tcp
338475:M 19 Jul 2025 23:37:52.196 * User requested shutdown...
338475:M 19 Jul 2025 23:37:52.196 * <ai> Clearing resources on shutdown
338475:M 19 Jul 2025 23:37:52.196 * Removing the pid file.
338475:M 19 Jul 2025 23:37:52.196 # Redis is now ready to exit, bye bye...
