23:25:29 lrdn0391.leonardo.local SmartSim {/leonardo/home/userexternal/mxiao000/code/SmartFlow/examples/single_node_single_task_gpu_cfd_solver/envs} [338004:MainThread] INFO Stopping model env_00000 with job name env_00000-DBGCKJYZ0IJB
23:25:30 lrdn0391.leonardo.local SmartSim {/leonardo/home/userexternal/mxiao000/code/SmartFlow/examples/single_node_single_task_gpu_cfd_solver/envs} [338004:MainThread] INFO Stopping model env_00001 with job name env_00001-DBGCKK2EMO3L
23:25:30 lrdn0391.leonardo.local SmartSim {/leonardo/home/userexternal/mxiao000/code/SmartFlow/examples/single_node_single_task_gpu_cfd_solver/envs} [338004:MainThread] INFO Stopping model env_00002 with job name env_00002-DBGCKK5U91WV
23:25:30 lrdn0391.leonardo.local SmartSim {/leonardo/home/userexternal/mxiao000/code/SmartFlow/examples/single_node_single_task_gpu_cfd_solver/envs} [338004:MainThread] INFO Stopping model env_00003 with job name env_00003-DBGCKK99R1YQ
23:25:44 lrdn0391.leonardo.local SmartSim {/leonardo/home/userexternal/mxiao000/code/SmartFlow/examples/single_node_single_task_gpu_cfd_solver/envs} [338004:MainThread] INFO Stopping model env_00004 with job name env_00004-DBGCKQLKV71U
23:25:45 lrdn0391.leonardo.local SmartSim {/leonardo/home/userexternal/mxiao000/code/SmartFlow/examples/single_node_single_task_gpu_cfd_solver/envs} [338004:MainThread] INFO Stopping model env_00005 with job name env_00005-DBGCKQP0JURP
23:25:45 lrdn0391.leonardo.local SmartSim {/leonardo/home/userexternal/mxiao000/code/SmartFlow/examples/single_node_single_task_gpu_cfd_solver/envs} [338004:MainThread] INFO Stopping model env_00006 with job name env_00006-DBGCKQSGBNU5
23:25:45 lrdn0391.leonardo.local SmartSim {/leonardo/home/userexternal/mxiao000/code/SmartFlow/examples/single_node_single_task_gpu_cfd_solver/envs} [338004:MainThread] INFO Stopping model env_00007 with job name env_00007-DBGCKQVW65BJ
23:25:59 lrdn0391.leonardo.local SmartSim {/leonardo/home/userexternal/mxiao000/code/SmartFlow/examples/single_node_single_task_gpu_cfd_solver/envs} [338004:MainThread] INFO Stopping model env_00008 with job name env_00008-DBGCKXH6BQC0
23:25:59 lrdn0391.leonardo.local SmartSim {/leonardo/home/userexternal/mxiao000/code/SmartFlow/examples/single_node_single_task_gpu_cfd_solver/envs} [338004:MainThread] INFO Stopping model env_00009 with job name env_00009-DBGCKXKMCT2G
23:25:59 lrdn0391.leonardo.local SmartSim {/leonardo/home/userexternal/mxiao000/code/SmartFlow/examples/single_node_single_task_gpu_cfd_solver/envs} [338004:MainThread] INFO Stopping model env_00010 with job name env_00010-DBGCKXO21S0I
23:26:00 lrdn0391.leonardo.local SmartSim {/leonardo/home/userexternal/mxiao000/code/SmartFlow/examples/single_node_single_task_gpu_cfd_solver/envs} [338004:MainThread] INFO Stopping model env_00011 with job name env_00011-DBGCKXRHTSFY
23:26:14 lrdn0391.leonardo.local SmartSim {/leonardo/home/userexternal/mxiao000/code/SmartFlow/examples/single_node_single_task_gpu_cfd_solver/envs} [338004:MainThread] INFO Stopping model env_00012 with job name env_00012-DBGCL49OZI4R
23:26:15 lrdn0391.leonardo.local SmartSim {/leonardo/home/userexternal/mxiao000/code/SmartFlow/examples/single_node_single_task_gpu_cfd_solver/envs} [338004:MainThread] INFO Stopping model env_00013 with job name env_00013-DBGCL4D51KCH
23:26:15 lrdn0391.leonardo.local SmartSim {/leonardo/home/userexternal/mxiao000/code/SmartFlow/examples/single_node_single_task_gpu_cfd_solver/envs} [338004:MainThread] INFO Stopping model env_00014 with job name env_00014-DBGCL4GKYNZV
23:26:15 lrdn0391.leonardo.local SmartSim {/leonardo/home/userexternal/mxiao000/code/SmartFlow/examples/single_node_single_task_gpu_cfd_solver/envs} [338004:MainThread] INFO Stopping model env_00015 with job name env_00015-DBGCL4K18AV7
23:26:30 lrdn0391.leonardo.local SmartSim {/leonardo/home/userexternal/mxiao000/code/SmartFlow/examples/single_node_single_task_gpu_cfd_solver/envs} [338004:MainThread] INFO Stopping model env_00016 with job name env_00016-DBGCLBB6S1HS
23:26:30 lrdn0391.leonardo.local SmartSim {/leonardo/home/userexternal/mxiao000/code/SmartFlow/examples/single_node_single_task_gpu_cfd_solver/envs} [338004:MainThread] INFO Stopping model env_00017 with job name env_00017-DBGCLBEN10VU
23:26:30 lrdn0391.leonardo.local SmartSim {/leonardo/home/userexternal/mxiao000/code/SmartFlow/examples/single_node_single_task_gpu_cfd_solver/envs} [338004:MainThread] INFO Stopping model env_00018 with job name env_00018-DBGCLBI32FSX
23:26:30 lrdn0391.leonardo.local SmartSim {/leonardo/home/userexternal/mxiao000/code/SmartFlow/examples/single_node_single_task_gpu_cfd_solver/envs} [338004:MainThread] INFO Stopping model env_00019 with job name env_00019-DBGCLBLJBR21
23:26:44 lrdn0391.leonardo.local SmartSim {/leonardo/home/userexternal/mxiao000/code/SmartFlow/examples/single_node_single_task_gpu_cfd_solver/envs} [338004:MainThread] INFO Stopping model env_00020 with job name env_00020-DBGCLIAI3TCK
23:26:45 lrdn0391.leonardo.local SmartSim {/leonardo/home/userexternal/mxiao000/code/SmartFlow/examples/single_node_single_task_gpu_cfd_solver/envs} [338004:MainThread] INFO Stopping model env_00021 with job name env_00021-DBGCLIDYF0P2
23:26:45 lrdn0391.leonardo.local SmartSim {/leonardo/home/userexternal/mxiao000/code/SmartFlow/examples/single_node_single_task_gpu_cfd_solver/envs} [338004:MainThread] INFO Stopping model env_00022 with job name env_00022-DBGCLIHESN8K
23:26:45 lrdn0391.leonardo.local SmartSim {/leonardo/home/userexternal/mxiao000/code/SmartFlow/examples/single_node_single_task_gpu_cfd_solver/envs} [338004:MainThread] INFO Stopping model env_00023 with job name env_00023-DBGCLIKVCSF7
23:27:00 lrdn0391.leonardo.local SmartSim {/leonardo/home/userexternal/mxiao000/code/SmartFlow/examples/single_node_single_task_gpu_cfd_solver/envs} [338004:MainThread] INFO Stopping model env_00024 with job name env_00024-DBGCLP48BZRQ
23:27:00 lrdn0391.leonardo.local SmartSim {/leonardo/home/userexternal/mxiao000/code/SmartFlow/examples/single_node_single_task_gpu_cfd_solver/envs} [338004:MainThread] INFO Stopping model env_00025 with job name env_00025-DBGCLP7P0T5A
23:27:00 lrdn0391.leonardo.local SmartSim {/leonardo/home/userexternal/mxiao000/code/SmartFlow/examples/single_node_single_task_gpu_cfd_solver/envs} [338004:MainThread] INFO Stopping model env_00026 with job name env_00026-DBGCLPB5O25M
23:27:00 lrdn0391.leonardo.local SmartSim {/leonardo/home/userexternal/mxiao000/code/SmartFlow/examples/single_node_single_task_gpu_cfd_solver/envs} [338004:MainThread] INFO Stopping model env_00027 with job name env_00027-DBGCLPEM9TKF
23:27:15 lrdn0391.leonardo.local SmartSim {/leonardo/home/userexternal/mxiao000/code/SmartFlow/examples/single_node_single_task_gpu_cfd_solver/envs} [338004:MainThread] INFO Stopping model env_00028 with job name env_00028-DBGCLW10IS0Z
23:27:15 lrdn0391.leonardo.local SmartSim {/leonardo/home/userexternal/mxiao000/code/SmartFlow/examples/single_node_single_task_gpu_cfd_solver/envs} [338004:MainThread] INFO Stopping model env_00029 with job name env_00029-DBGCLW4H33P8
23:27:15 lrdn0391.leonardo.local SmartSim {/leonardo/home/userexternal/mxiao000/code/SmartFlow/examples/single_node_single_task_gpu_cfd_solver/envs} [338004:MainThread] INFO Stopping model env_00030 with job name env_00030-DBGCLW7XRV0D
23:27:15 lrdn0391.leonardo.local SmartSim {/leonardo/home/userexternal/mxiao000/code/SmartFlow/examples/single_node_single_task_gpu_cfd_solver/envs} [338004:MainThread] INFO Stopping model env_00031 with job name env_00031-DBGCLWBEHZL8
23:27:30 lrdn0391.leonardo.local SmartSim {/leonardo/home/userexternal/mxiao000/code/SmartFlow/examples/single_node_single_task_gpu_cfd_solver/envs} [338004:MainThread] INFO Stopping model env_00032 with job name env_00032-DBGCM30GIDX8
23:27:30 lrdn0391.leonardo.local SmartSim {/leonardo/home/userexternal/mxiao000/code/SmartFlow/examples/single_node_single_task_gpu_cfd_solver/envs} [338004:MainThread] INFO Stopping model env_00033 with job name env_00033-DBGCM33XL6CY
23:27:30 lrdn0391.leonardo.local SmartSim {/leonardo/home/userexternal/mxiao000/code/SmartFlow/examples/single_node_single_task_gpu_cfd_solver/envs} [338004:MainThread] INFO Stopping model env_00034 with job name env_00034-DBGCM37E9O7V
23:27:30 lrdn0391.leonardo.local SmartSim {/leonardo/home/userexternal/mxiao000/code/SmartFlow/examples/single_node_single_task_gpu_cfd_solver/envs} [338004:MainThread] INFO Stopping model env_00035 with job name env_00035-DBGCM3AV9OW3
23:27:45 lrdn0391.leonardo.local SmartSim {/leonardo/home/userexternal/mxiao000/code/SmartFlow/examples/single_node_single_task_gpu_cfd_solver/envs} [338004:MainThread] INFO Stopping model env_00036 with job name env_00036-DBGCM9TO4DMJ
23:27:45 lrdn0391.leonardo.local SmartSim {/leonardo/home/userexternal/mxiao000/code/SmartFlow/examples/single_node_single_task_gpu_cfd_solver/envs} [338004:MainThread] INFO Stopping model env_00037 with job name env_00037-DBGCM9X54ACD
23:27:45 lrdn0391.leonardo.local SmartSim {/leonardo/home/userexternal/mxiao000/code/SmartFlow/examples/single_node_single_task_gpu_cfd_solver/envs} [338004:MainThread] INFO Stopping model env_00038 with job name env_00038-DBGCMA0M2CYD
23:27:45 lrdn0391.leonardo.local SmartSim {/leonardo/home/userexternal/mxiao000/code/SmartFlow/examples/single_node_single_task_gpu_cfd_solver/envs} [338004:MainThread] INFO Stopping model env_00039 with job name env_00039-DBGCMA430YXF
23:28:00 lrdn0391.leonardo.local SmartSim {/leonardo/home/userexternal/mxiao000/code/SmartFlow/examples/single_node_single_task_gpu_cfd_solver/envs} [338004:MainThread] INFO Stopping model env_00040 with job name env_00040-DBGCMGV4GP2F
23:28:00 lrdn0391.leonardo.local SmartSim {/leonardo/home/userexternal/mxiao000/code/SmartFlow/examples/single_node_single_task_gpu_cfd_solver/envs} [338004:MainThread] INFO Stopping model env_00041 with job name env_00041-DBGCMGYLLOVA
23:28:01 lrdn0391.leonardo.local SmartSim {/leonardo/home/userexternal/mxiao000/code/SmartFlow/examples/single_node_single_task_gpu_cfd_solver/envs} [338004:MainThread] INFO Stopping model env_00042 with job name env_00042-DBGCMH22Y2KU
23:28:01 lrdn0391.leonardo.local SmartSim {/leonardo/home/userexternal/mxiao000/code/SmartFlow/examples/single_node_single_task_gpu_cfd_solver/envs} [338004:MainThread] INFO Stopping model env_00043 with job name env_00043-DBGCMH5K3SFW
23:28:15 lrdn0391.leonardo.local SmartSim {/leonardo/home/userexternal/mxiao000/code/SmartFlow/examples/single_node_single_task_gpu_cfd_solver/envs} [338004:MainThread] INFO Stopping model env_00044 with job name env_00044-DBGCMNWGC86P
23:28:16 lrdn0391.leonardo.local SmartSim {/leonardo/home/userexternal/mxiao000/code/SmartFlow/examples/single_node_single_task_gpu_cfd_solver/envs} [338004:MainThread] INFO Stopping model env_00045 with job name env_00045-DBGCMNZXURGE
23:28:16 lrdn0391.leonardo.local SmartSim {/leonardo/home/userexternal/mxiao000/code/SmartFlow/examples/single_node_single_task_gpu_cfd_solver/envs} [338004:MainThread] INFO Stopping model env_00046 with job name env_00046-DBGCMO3F63ST
23:28:16 lrdn0391.leonardo.local SmartSim {/leonardo/home/userexternal/mxiao000/code/SmartFlow/examples/single_node_single_task_gpu_cfd_solver/envs} [338004:MainThread] INFO Stopping model env_00047 with job name env_00047-DBGCMO6WMVRL
23:28:31 lrdn0391.leonardo.local SmartSim {/leonardo/home/userexternal/mxiao000/code/SmartFlow/examples/single_node_single_task_gpu_cfd_solver/envs} [338004:MainThread] INFO Stopping model env_00048 with job name env_00048-DBGCMUUDOHKJ
23:28:31 lrdn0391.leonardo.local SmartSim {/leonardo/home/userexternal/mxiao000/code/SmartFlow/examples/single_node_single_task_gpu_cfd_solver/envs} [338004:MainThread] INFO Stopping model env_00049 with job name env_00049-DBGCMUXV9CYW
23:28:31 lrdn0391.leonardo.local SmartSim {/leonardo/home/userexternal/mxiao000/code/SmartFlow/examples/single_node_single_task_gpu_cfd_solver/envs} [338004:MainThread] INFO Stopping model env_00050 with job name env_00050-DBGCMV1CQYT3
23:28:31 lrdn0391.leonardo.local SmartSim {/leonardo/home/userexternal/mxiao000/code/SmartFlow/examples/single_node_single_task_gpu_cfd_solver/envs} [338004:MainThread] INFO Stopping model env_00051 with job name env_00051-DBGCMV4UERPR
23:28:46 lrdn0391.leonardo.local SmartSim {/leonardo/home/userexternal/mxiao000/code/SmartFlow/examples/single_node_single_task_gpu_cfd_solver/envs} [338004:MainThread] INFO Stopping model env_00052 with job name env_00052-DBGCN1U0H2I9
23:28:46 lrdn0391.leonardo.local SmartSim {/leonardo/home/userexternal/mxiao000/code/SmartFlow/examples/single_node_single_task_gpu_cfd_solver/envs} [338004:MainThread] INFO Stopping model env_00053 with job name env_00053-DBGCN1XI9Z7V
23:28:46 lrdn0391.leonardo.local SmartSim {/leonardo/home/userexternal/mxiao000/code/SmartFlow/examples/single_node_single_task_gpu_cfd_solver/envs} [338004:MainThread] INFO Stopping model env_00054 with job name env_00054-DBGCN20ZX14D
23:28:47 lrdn0391.leonardo.local SmartSim {/leonardo/home/userexternal/mxiao000/code/SmartFlow/examples/single_node_single_task_gpu_cfd_solver/envs} [338004:MainThread] INFO Stopping model env_00055 with job name env_00055-DBGCN24HNNNY
23:29:01 lrdn0391.leonardo.local SmartSim {/leonardo/home/userexternal/mxiao000/code/SmartFlow/examples/single_node_single_task_gpu_cfd_solver/envs} [338004:MainThread] INFO Stopping model env_00056 with job name env_00056-DBGCN8Y0IZRN
23:29:01 lrdn0391.leonardo.local SmartSim {/leonardo/home/userexternal/mxiao000/code/SmartFlow/examples/single_node_single_task_gpu_cfd_solver/envs} [338004:MainThread] INFO Stopping model env_00057 with job name env_00057-DBGCN91IFUEP
23:29:01 lrdn0391.leonardo.local SmartSim {/leonardo/home/userexternal/mxiao000/code/SmartFlow/examples/single_node_single_task_gpu_cfd_solver/envs} [338004:MainThread] INFO Stopping model env_00058 with job name env_00058-DBGCN950IEUV
23:29:02 lrdn0391.leonardo.local SmartSim {/leonardo/home/userexternal/mxiao000/code/SmartFlow/examples/single_node_single_task_gpu_cfd_solver/envs} [338004:MainThread] INFO Stopping model env_00059 with job name env_00059-DBGCN98ICM8Q
23:29:17 lrdn0391.leonardo.local SmartSim {/leonardo/home/userexternal/mxiao000/code/SmartFlow/examples/single_node_single_task_gpu_cfd_solver/envs} [338004:MainThread] INFO Stopping model env_00060 with job name env_00060-DBGCNFURUC5U
23:29:17 lrdn0391.leonardo.local SmartSim {/leonardo/home/userexternal/mxiao000/code/SmartFlow/examples/single_node_single_task_gpu_cfd_solver/envs} [338004:MainThread] INFO Stopping model env_00061 with job name env_00061-DBGCNFYA8W4F
23:29:17 lrdn0391.leonardo.local SmartSim {/leonardo/home/userexternal/mxiao000/code/SmartFlow/examples/single_node_single_task_gpu_cfd_solver/envs} [338004:MainThread] INFO Stopping model env_00062 with job name env_00062-DBGCNG1SM6PO
23:29:17 lrdn0391.leonardo.local SmartSim {/leonardo/home/userexternal/mxiao000/code/SmartFlow/examples/single_node_single_task_gpu_cfd_solver/envs} [338004:MainThread] INFO Stopping model env_00063 with job name env_00063-DBGCNG5ATCAQ
23:29:31 lrdn0391.leonardo.local SmartSim {/leonardo/home/userexternal/mxiao000/code/SmartFlow/examples/single_node_single_task_gpu_cfd_solver/envs} [338004:MainThread] INFO Stopping model env_00064 with job name env_00064-DBGCNMZY8FNZ
23:29:32 lrdn0391.leonardo.local SmartSim {/leonardo/home/userexternal/mxiao000/code/SmartFlow/examples/single_node_single_task_gpu_cfd_solver/envs} [338004:MainThread] INFO Stopping model env_00065 with job name env_00065-DBGCNN3GG0VO
23:29:32 lrdn0391.leonardo.local SmartSim {/leonardo/home/userexternal/mxiao000/code/SmartFlow/examples/single_node_single_task_gpu_cfd_solver/envs} [338004:MainThread] INFO Stopping model env_00066 with job name env_00066-DBGCNN6YJQV6
23:29:32 lrdn0391.leonardo.local SmartSim {/leonardo/home/userexternal/mxiao000/code/SmartFlow/examples/single_node_single_task_gpu_cfd_solver/envs} [338004:MainThread] INFO Stopping model env_00067 with job name env_00067-DBGCNNAH1E1C
23:29:47 lrdn0391.leonardo.local SmartSim {/leonardo/home/userexternal/mxiao000/code/SmartFlow/examples/single_node_single_task_gpu_cfd_solver/envs} [338004:MainThread] INFO Stopping model env_00068 with job name env_00068-DBGCNTT8V3FM
23:29:47 lrdn0391.leonardo.local SmartSim {/leonardo/home/userexternal/mxiao000/code/SmartFlow/examples/single_node_single_task_gpu_cfd_solver/envs} [338004:MainThread] INFO Stopping model env_00069 with job name env_00069-DBGCNTWRC5AZ
23:29:47 lrdn0391.leonardo.local SmartSim {/leonardo/home/userexternal/mxiao000/code/SmartFlow/examples/single_node_single_task_gpu_cfd_solver/envs} [338004:MainThread] INFO Stopping model env_00070 with job name env_00070-DBGCNU09N14Y
23:29:47 lrdn0391.leonardo.local SmartSim {/leonardo/home/userexternal/mxiao000/code/SmartFlow/examples/single_node_single_task_gpu_cfd_solver/envs} [338004:MainThread] INFO Stopping model env_00071 with job name env_00071-DBGCNU3S2J04
23:30:02 lrdn0391.leonardo.local SmartSim {/leonardo/home/userexternal/mxiao000/code/SmartFlow/examples/single_node_single_task_gpu_cfd_solver/envs} [338004:MainThread] INFO Stopping model env_00072 with job name env_00072-DBGCO0S89G4N
23:30:02 lrdn0391.leonardo.local SmartSim {/leonardo/home/userexternal/mxiao000/code/SmartFlow/examples/single_node_single_task_gpu_cfd_solver/envs} [338004:MainThread] INFO Stopping model env_00073 with job name env_00073-DBGCO0VQY50S
23:30:02 lrdn0391.leonardo.local SmartSim {/leonardo/home/userexternal/mxiao000/code/SmartFlow/examples/single_node_single_task_gpu_cfd_solver/envs} [338004:MainThread] INFO Stopping model env_00074 with job name env_00074-DBGCO0Z9DA0Y
23:30:03 lrdn0391.leonardo.local SmartSim {/leonardo/home/userexternal/mxiao000/code/SmartFlow/examples/single_node_single_task_gpu_cfd_solver/envs} [338004:MainThread] INFO Stopping model env_00075 with job name env_00075-DBGCO12RZ5WH
23:30:17 lrdn0391.leonardo.local SmartSim {/leonardo/home/userexternal/mxiao000/code/SmartFlow/examples/single_node_single_task_gpu_cfd_solver/envs} [338004:MainThread] INFO Stopping model env_00076 with job name env_00076-DBGCO7UQFXLR
23:30:17 lrdn0391.leonardo.local SmartSim {/leonardo/home/userexternal/mxiao000/code/SmartFlow/examples/single_node_single_task_gpu_cfd_solver/envs} [338004:MainThread] INFO Stopping model env_00077 with job name env_00077-DBGCO7Y9DPDY
23:30:17 lrdn0391.leonardo.local SmartSim {/leonardo/home/userexternal/mxiao000/code/SmartFlow/examples/single_node_single_task_gpu_cfd_solver/envs} [338004:MainThread] INFO Stopping model env_00078 with job name env_00078-DBGCO81SBQED
23:30:17 lrdn0391.leonardo.local SmartSim {/leonardo/home/userexternal/mxiao000/code/SmartFlow/examples/single_node_single_task_gpu_cfd_solver/envs} [338004:MainThread] INFO Stopping model env_00079 with job name env_00079-DBGCO85BKLOW
23:30:32 lrdn0391.leonardo.local SmartSim {/leonardo/home/userexternal/mxiao000/code/SmartFlow/examples/single_node_single_task_gpu_cfd_solver/envs} [338004:MainThread] INFO Stopping model env_00080 with job name env_00080-DBGCOEM4GI0X
23:30:32 lrdn0391.leonardo.local SmartSim {/leonardo/home/userexternal/mxiao000/code/SmartFlow/examples/single_node_single_task_gpu_cfd_solver/envs} [338004:MainThread] INFO Stopping model env_00081 with job name env_00081-DBGCOEPNE7Y1
23:30:32 lrdn0391.leonardo.local SmartSim {/leonardo/home/userexternal/mxiao000/code/SmartFlow/examples/single_node_single_task_gpu_cfd_solver/envs} [338004:MainThread] INFO Stopping model env_00082 with job name env_00082-DBGCOET6790F
23:30:32 lrdn0391.leonardo.local SmartSim {/leonardo/home/userexternal/mxiao000/code/SmartFlow/examples/single_node_single_task_gpu_cfd_solver/envs} [338004:MainThread] INFO Stopping model env_00083 with job name env_00083-DBGCOEWPPYKP
23:30:46 lrdn0391.leonardo.local SmartSim {/leonardo/home/userexternal/mxiao000/code/SmartFlow/examples/single_node_single_task_gpu_cfd_solver/envs} [338004:MainThread] INFO Stopping model env_00084 with job name env_00084-DBGCOLFJ1GFM
23:30:47 lrdn0391.leonardo.local SmartSim {/leonardo/home/userexternal/mxiao000/code/SmartFlow/examples/single_node_single_task_gpu_cfd_solver/envs} [338004:MainThread] INFO Stopping model env_00085 with job name env_00085-DBGCOLJ2EQ7X
23:30:47 lrdn0391.leonardo.local SmartSim {/leonardo/home/userexternal/mxiao000/code/SmartFlow/examples/single_node_single_task_gpu_cfd_solver/envs} [338004:MainThread] INFO Stopping model env_00086 with job name env_00086-DBGCOLMLRB4J
23:30:47 lrdn0391.leonardo.local SmartSim {/leonardo/home/userexternal/mxiao000/code/SmartFlow/examples/single_node_single_task_gpu_cfd_solver/envs} [338004:MainThread] INFO Stopping model env_00087 with job name env_00087-DBGCOLQ53NBW
23:31:01 lrdn0391.leonardo.local SmartSim {/leonardo/home/userexternal/mxiao000/code/SmartFlow/examples/single_node_single_task_gpu_cfd_solver/envs} [338004:MainThread] INFO Stopping model env_00088 with job name env_00088-DBGCOS9JCWPI
23:31:01 lrdn0391.leonardo.local SmartSim {/leonardo/home/userexternal/mxiao000/code/SmartFlow/examples/single_node_single_task_gpu_cfd_solver/envs} [338004:MainThread] INFO Stopping model env_00089 with job name env_00089-DBGCOSD2NCPS
23:31:02 lrdn0391.leonardo.local SmartSim {/leonardo/home/userexternal/mxiao000/code/SmartFlow/examples/single_node_single_task_gpu_cfd_solver/envs} [338004:MainThread] INFO Stopping model env_00090 with job name env_00090-DBGCOSGLSZ8W
23:31:02 lrdn0391.leonardo.local SmartSim {/leonardo/home/userexternal/mxiao000/code/SmartFlow/examples/single_node_single_task_gpu_cfd_solver/envs} [338004:MainThread] INFO Stopping model env_00091 with job name env_00091-DBGCOSK569IJ
23:31:16 lrdn0391.leonardo.local SmartSim {/leonardo/home/userexternal/mxiao000/code/SmartFlow/examples/single_node_single_task_gpu_cfd_solver/envs} [338004:MainThread] INFO Stopping model env_00092 with job name env_00092-DBGCOZ1M8GU9
23:31:17 lrdn0391.leonardo.local SmartSim {/leonardo/home/userexternal/mxiao000/code/SmartFlow/examples/single_node_single_task_gpu_cfd_solver/envs} [338004:MainThread] INFO Stopping model env_00093 with job name env_00093-DBGCOZ55PTHM
23:31:17 lrdn0391.leonardo.local SmartSim {/leonardo/home/userexternal/mxiao000/code/SmartFlow/examples/single_node_single_task_gpu_cfd_solver/envs} [338004:MainThread] INFO Stopping model env_00094 with job name env_00094-DBGCOZ8PFFMR
23:31:17 lrdn0391.leonardo.local SmartSim {/leonardo/home/userexternal/mxiao000/code/SmartFlow/examples/single_node_single_task_gpu_cfd_solver/envs} [338004:MainThread] INFO Stopping model env_00095 with job name env_00095-DBGCOZC93A1F
23:31:32 lrdn0391.leonardo.local SmartSim {/leonardo/home/userexternal/mxiao000/code/SmartFlow/examples/single_node_single_task_gpu_cfd_solver/envs} [338004:MainThread] INFO Stopping model env_00096 with job name env_00096-DBGCP60AYIH6
23:31:32 lrdn0391.leonardo.local SmartSim {/leonardo/home/userexternal/mxiao000/code/SmartFlow/examples/single_node_single_task_gpu_cfd_solver/envs} [338004:MainThread] INFO Stopping model env_00097 with job name env_00097-DBGCP63UKI32
23:31:32 lrdn0391.leonardo.local SmartSim {/leonardo/home/userexternal/mxiao000/code/SmartFlow/examples/single_node_single_task_gpu_cfd_solver/envs} [338004:MainThread] INFO Stopping model env_00098 with job name env_00098-DBGCP67E745D
23:31:32 lrdn0391.leonardo.local SmartSim {/leonardo/home/userexternal/mxiao000/code/SmartFlow/examples/single_node_single_task_gpu_cfd_solver/envs} [338004:MainThread] INFO Stopping model env_00099 with job name env_00099-DBGCP6AYARHK
23:31:47 lrdn0391.leonardo.local SmartSim {/leonardo/home/userexternal/mxiao000/code/SmartFlow/examples/single_node_single_task_gpu_cfd_solver/envs} [338004:MainThread] INFO Stopping model env_00100 with job name env_00100-DBGCPCZ8T0QS
23:31:47 lrdn0391.leonardo.local SmartSim {/leonardo/home/userexternal/mxiao000/code/SmartFlow/examples/single_node_single_task_gpu_cfd_solver/envs} [338004:MainThread] INFO Stopping model env_00101 with job name env_00101-DBGCPD2SJNVV
23:31:47 lrdn0391.leonardo.local SmartSim {/leonardo/home/userexternal/mxiao000/code/SmartFlow/examples/single_node_single_task_gpu_cfd_solver/envs} [338004:MainThread] INFO Stopping model env_00102 with job name env_00102-DBGCPD6CGMUR
23:31:47 lrdn0391.leonardo.local SmartSim {/leonardo/home/userexternal/mxiao000/code/SmartFlow/examples/single_node_single_task_gpu_cfd_solver/envs} [338004:MainThread] INFO Stopping model env_00103 with job name env_00103-DBGCPD9WFW0A
23:32:02 lrdn0391.leonardo.local SmartSim {/leonardo/home/userexternal/mxiao000/code/SmartFlow/examples/single_node_single_task_gpu_cfd_solver/envs} [338004:MainThread] INFO Stopping model env_00104 with job name env_00104-DBGCPJZY2Q74
23:32:02 lrdn0391.leonardo.local SmartSim {/leonardo/home/userexternal/mxiao000/code/SmartFlow/examples/single_node_single_task_gpu_cfd_solver/envs} [338004:MainThread] INFO Stopping model env_00105 with job name env_00105-DBGCPK3IK3SG
23:32:02 lrdn0391.leonardo.local SmartSim {/leonardo/home/userexternal/mxiao000/code/SmartFlow/examples/single_node_single_task_gpu_cfd_solver/envs} [338004:MainThread] INFO Stopping model env_00106 with job name env_00106-DBGCPK72MGGJ
23:32:02 lrdn0391.leonardo.local SmartSim {/leonardo/home/userexternal/mxiao000/code/SmartFlow/examples/single_node_single_task_gpu_cfd_solver/envs} [338004:MainThread] INFO Stopping model env_00107 with job name env_00107-DBGCPKAN616E
23:32:17 lrdn0391.leonardo.local SmartSim {/leonardo/home/userexternal/mxiao000/code/SmartFlow/examples/single_node_single_task_gpu_cfd_solver/envs} [338004:MainThread] INFO Stopping model env_00108 with job name env_00108-DBGCPQXSKJ3G
23:32:17 lrdn0391.leonardo.local SmartSim {/leonardo/home/userexternal/mxiao000/code/SmartFlow/examples/single_node_single_task_gpu_cfd_solver/envs} [338004:MainThread] INFO Stopping model env_00109 with job name env_00109-DBGCPR1CN1S5
23:32:17 lrdn0391.leonardo.local SmartSim {/leonardo/home/userexternal/mxiao000/code/SmartFlow/examples/single_node_single_task_gpu_cfd_solver/envs} [338004:MainThread] INFO Stopping model env_00110 with job name env_00110-DBGCPR4X5074
23:32:18 lrdn0391.leonardo.local SmartSim {/leonardo/home/userexternal/mxiao000/code/SmartFlow/examples/single_node_single_task_gpu_cfd_solver/envs} [338004:MainThread] INFO Stopping model env_00111 with job name env_00111-DBGCPR8HHPWJ
23:32:32 lrdn0391.leonardo.local SmartSim {/leonardo/home/userexternal/mxiao000/code/SmartFlow/examples/single_node_single_task_gpu_cfd_solver/envs} [338004:MainThread] INFO Stopping model env_00112 with job name env_00112-DBGCPXUWUI0E
23:32:32 lrdn0391.leonardo.local SmartSim {/leonardo/home/userexternal/mxiao000/code/SmartFlow/examples/single_node_single_task_gpu_cfd_solver/envs} [338004:MainThread] INFO Stopping model env_00113 with job name env_00113-DBGCPXYHFBPB
23:32:33 lrdn0391.leonardo.local SmartSim {/leonardo/home/userexternal/mxiao000/code/SmartFlow/examples/single_node_single_task_gpu_cfd_solver/envs} [338004:MainThread] INFO Stopping model env_00114 with job name env_00114-DBGCPY225HCM
23:32:33 lrdn0391.leonardo.local SmartSim {/leonardo/home/userexternal/mxiao000/code/SmartFlow/examples/single_node_single_task_gpu_cfd_solver/envs} [338004:MainThread] INFO Stopping model env_00115 with job name env_00115-DBGCPY5MYPYC
23:32:47 lrdn0391.leonardo.local SmartSim {/leonardo/home/userexternal/mxiao000/code/SmartFlow/examples/single_node_single_task_gpu_cfd_solver/envs} [338004:MainThread] INFO Stopping model env_00116 with job name env_00116-DBGCQ4U98J3Z
23:32:48 lrdn0391.leonardo.local SmartSim {/leonardo/home/userexternal/mxiao000/code/SmartFlow/examples/single_node_single_task_gpu_cfd_solver/envs} [338004:MainThread] INFO Stopping model env_00117 with job name env_00117-DBGCQ4XTKFJF
23:32:48 lrdn0391.leonardo.local SmartSim {/leonardo/home/userexternal/mxiao000/code/SmartFlow/examples/single_node_single_task_gpu_cfd_solver/envs} [338004:MainThread] INFO Stopping model env_00118 with job name env_00118-DBGCQ51E8ZUA
23:32:48 lrdn0391.leonardo.local SmartSim {/leonardo/home/userexternal/mxiao000/code/SmartFlow/examples/single_node_single_task_gpu_cfd_solver/envs} [338004:MainThread] INFO Stopping model env_00119 with job name env_00119-DBGCQ54ZCRW5
23:33:02 lrdn0391.leonardo.local SmartSim {/leonardo/home/userexternal/mxiao000/code/SmartFlow/examples/single_node_single_task_gpu_cfd_solver/envs} [338004:MainThread] INFO Stopping model env_00120 with job name env_00120-DBGCQBV57JHK
23:33:03 lrdn0391.leonardo.local SmartSim {/leonardo/home/userexternal/mxiao000/code/SmartFlow/examples/single_node_single_task_gpu_cfd_solver/envs} [338004:MainThread] INFO Stopping model env_00121 with job name env_00121-DBGCQBYQ83AK
23:33:03 lrdn0391.leonardo.local SmartSim {/leonardo/home/userexternal/mxiao000/code/SmartFlow/examples/single_node_single_task_gpu_cfd_solver/envs} [338004:MainThread] INFO Stopping model env_00122 with job name env_00122-DBGCQC2AZSS0
23:33:03 lrdn0391.leonardo.local SmartSim {/leonardo/home/userexternal/mxiao000/code/SmartFlow/examples/single_node_single_task_gpu_cfd_solver/envs} [338004:MainThread] INFO Stopping model env_00123 with job name env_00123-DBGCQC5VZ30G
23:33:18 lrdn0391.leonardo.local SmartSim {/leonardo/home/userexternal/mxiao000/code/SmartFlow/examples/single_node_single_task_gpu_cfd_solver/envs} [338004:MainThread] INFO Stopping model env_00124 with job name env_00124-DBGCQIRFR8ZO
23:33:18 lrdn0391.leonardo.local SmartSim {/leonardo/home/userexternal/mxiao000/code/SmartFlow/examples/single_node_single_task_gpu_cfd_solver/envs} [338004:MainThread] INFO Stopping model env_00125 with job name env_00125-DBGCQIV0LGKG
23:33:18 lrdn0391.leonardo.local SmartSim {/leonardo/home/userexternal/mxiao000/code/SmartFlow/examples/single_node_single_task_gpu_cfd_solver/envs} [338004:MainThread] INFO Stopping model env_00126 with job name env_00126-DBGCQIYLLU23
23:33:18 lrdn0391.leonardo.local SmartSim {/leonardo/home/userexternal/mxiao000/code/SmartFlow/examples/single_node_single_task_gpu_cfd_solver/envs} [338004:MainThread] INFO Stopping model env_00127 with job name env_00127-DBGCQJ26LGDV
23:33:33 lrdn0391.leonardo.local SmartSim {/leonardo/home/userexternal/mxiao000/code/SmartFlow/examples/single_node_single_task_gpu_cfd_solver/envs} [338004:MainThread] INFO Stopping model env_00128 with job name env_00128-DBGCQPRW25DX
23:33:33 lrdn0391.leonardo.local SmartSim {/leonardo/home/userexternal/mxiao000/code/SmartFlow/examples/single_node_single_task_gpu_cfd_solver/envs} [338004:MainThread] INFO Stopping model env_00129 with job name env_00129-DBGCQPVHN3SC
23:33:33 lrdn0391.leonardo.local SmartSim {/leonardo/home/userexternal/mxiao000/code/SmartFlow/examples/single_node_single_task_gpu_cfd_solver/envs} [338004:MainThread] INFO Stopping model env_00130 with job name env_00130-DBGCQPZ2X25L
23:33:33 lrdn0391.leonardo.local SmartSim {/leonardo/home/userexternal/mxiao000/code/SmartFlow/examples/single_node_single_task_gpu_cfd_solver/envs} [338004:MainThread] INFO Stopping model env_00131 with job name env_00131-DBGCQQ2O1CH8
23:33:48 lrdn0391.leonardo.local SmartSim {/leonardo/home/userexternal/mxiao000/code/SmartFlow/examples/single_node_single_task_gpu_cfd_solver/envs} [338004:MainThread] INFO Stopping model env_00132 with job name env_00132-DBGCQWP33367
23:33:48 lrdn0391.leonardo.local SmartSim {/leonardo/home/userexternal/mxiao000/code/SmartFlow/examples/single_node_single_task_gpu_cfd_solver/envs} [338004:MainThread] INFO Stopping model env_00133 with job name env_00133-DBGCQWSOBYUF
23:33:48 lrdn0391.leonardo.local SmartSim {/leonardo/home/userexternal/mxiao000/code/SmartFlow/examples/single_node_single_task_gpu_cfd_solver/envs} [338004:MainThread] INFO Stopping model env_00134 with job name env_00134-DBGCQWW9Q3AQ
23:33:48 lrdn0391.leonardo.local SmartSim {/leonardo/home/userexternal/mxiao000/code/SmartFlow/examples/single_node_single_task_gpu_cfd_solver/envs} [338004:MainThread] INFO Stopping model env_00135 with job name env_00135-DBGCQWZV0WMG
23:34:03 lrdn0391.leonardo.local SmartSim {/leonardo/home/userexternal/mxiao000/code/SmartFlow/examples/single_node_single_task_gpu_cfd_solver/envs} [338004:MainThread] INFO Stopping model env_00136 with job name env_00136-DBGCR3HW693B
23:34:03 lrdn0391.leonardo.local SmartSim {/leonardo/home/userexternal/mxiao000/code/SmartFlow/examples/single_node_single_task_gpu_cfd_solver/envs} [338004:MainThread] INFO Stopping model env_00137 with job name env_00137-DBGCR3LHKEQC
23:34:03 lrdn0391.leonardo.local SmartSim {/leonardo/home/userexternal/mxiao000/code/SmartFlow/examples/single_node_single_task_gpu_cfd_solver/envs} [338004:MainThread] INFO Stopping model env_00138 with job name env_00138-DBGCR3P33M0N
23:34:04 lrdn0391.leonardo.local SmartSim {/leonardo/home/userexternal/mxiao000/code/SmartFlow/examples/single_node_single_task_gpu_cfd_solver/envs} [338004:MainThread] INFO Stopping model env_00139 with job name env_00139-DBGCR3SOU3FB
23:34:18 lrdn0391.leonardo.local SmartSim {/leonardo/home/userexternal/mxiao000/code/SmartFlow/examples/single_node_single_task_gpu_cfd_solver/envs} [338004:MainThread] INFO Stopping model env_00140 with job name env_00140-DBGCRAJH6JSA
23:34:18 lrdn0391.leonardo.local SmartSim {/leonardo/home/userexternal/mxiao000/code/SmartFlow/examples/single_node_single_task_gpu_cfd_solver/envs} [338004:MainThread] INFO Stopping model env_00141 with job name env_00141-DBGCRAN2R5SD
23:34:18 lrdn0391.leonardo.local SmartSim {/leonardo/home/userexternal/mxiao000/code/SmartFlow/examples/single_node_single_task_gpu_cfd_solver/envs} [338004:MainThread] INFO Stopping model env_00142 with job name env_00142-DBGCRAQO9X62
23:34:19 lrdn0391.leonardo.local SmartSim {/leonardo/home/userexternal/mxiao000/code/SmartFlow/examples/single_node_single_task_gpu_cfd_solver/envs} [338004:MainThread] INFO Stopping model env_00143 with job name env_00143-DBGCRAUA1XJW
23:34:33 lrdn0391.leonardo.local SmartSim {/leonardo/home/userexternal/mxiao000/code/SmartFlow/examples/single_node_single_task_gpu_cfd_solver/envs} [338004:MainThread] INFO Stopping model env_00144 with job name env_00144-DBGCRHGEG1BH
23:34:33 lrdn0391.leonardo.local SmartSim {/leonardo/home/userexternal/mxiao000/code/SmartFlow/examples/single_node_single_task_gpu_cfd_solver/envs} [338004:MainThread] INFO Stopping model env_00145 with job name env_00145-DBGCRHK0JPCV
23:34:33 lrdn0391.leonardo.local SmartSim {/leonardo/home/userexternal/mxiao000/code/SmartFlow/examples/single_node_single_task_gpu_cfd_solver/envs} [338004:MainThread] INFO Stopping model env_00146 with job name env_00146-DBGCRHNMBPSC
23:34:33 lrdn0391.leonardo.local SmartSim {/leonardo/home/userexternal/mxiao000/code/SmartFlow/examples/single_node_single_task_gpu_cfd_solver/envs} [338004:MainThread] INFO Stopping model env_00147 with job name env_00147-DBGCRHR89R7X
23:34:47 lrdn0391.leonardo.local SmartSim {/leonardo/home/userexternal/mxiao000/code/SmartFlow/examples/single_node_single_task_gpu_cfd_solver/envs} [338004:MainThread] INFO Stopping model env_00148 with job name env_00148-DBGCRO7RO9VX
23:34:48 lrdn0391.leonardo.local SmartSim {/leonardo/home/userexternal/mxiao000/code/SmartFlow/examples/single_node_single_task_gpu_cfd_solver/envs} [338004:MainThread] INFO Stopping model env_00149 with job name env_00149-DBGCROBDL2K1
23:34:48 lrdn0391.leonardo.local SmartSim {/leonardo/home/userexternal/mxiao000/code/SmartFlow/examples/single_node_single_task_gpu_cfd_solver/envs} [338004:MainThread] INFO Stopping model env_00150 with job name env_00150-DBGCROF00JRI
23:34:48 lrdn0391.leonardo.local SmartSim {/leonardo/home/userexternal/mxiao000/code/SmartFlow/examples/single_node_single_task_gpu_cfd_solver/envs} [338004:MainThread] INFO Stopping model env_00151 with job name env_00151-DBGCROIM0U88
23:35:03 lrdn0391.leonardo.local SmartSim {/leonardo/home/userexternal/mxiao000/code/SmartFlow/examples/single_node_single_task_gpu_cfd_solver/envs} [338004:MainThread] INFO Stopping model env_00152 with job name env_00152-DBGCRUZR4Y3B
23:35:04 lrdn0391.leonardo.local SmartSim {/leonardo/home/userexternal/mxiao000/code/SmartFlow/examples/single_node_single_task_gpu_cfd_solver/envs} [338004:MainThread] INFO Stopping model env_00153 with job name env_00153-DBGCRV3DBTQ4
23:35:04 lrdn0391.leonardo.local SmartSim {/leonardo/home/userexternal/mxiao000/code/SmartFlow/examples/single_node_single_task_gpu_cfd_solver/envs} [338004:MainThread] INFO Stopping model env_00154 with job name env_00154-DBGCRV6ZF0IJ
23:35:04 lrdn0391.leonardo.local SmartSim {/leonardo/home/userexternal/mxiao000/code/SmartFlow/examples/single_node_single_task_gpu_cfd_solver/envs} [338004:MainThread] INFO Stopping model env_00155 with job name env_00155-DBGCRVALXJH2
23:35:18 lrdn0391.leonardo.local SmartSim {/leonardo/home/userexternal/mxiao000/code/SmartFlow/examples/single_node_single_task_gpu_cfd_solver/envs} [338004:MainThread] INFO Stopping model env_00156 with job name env_00156-DBGCS29U9D8N
23:35:19 lrdn0391.leonardo.local SmartSim {/leonardo/home/userexternal/mxiao000/code/SmartFlow/examples/single_node_single_task_gpu_cfd_solver/envs} [338004:MainThread] INFO Stopping model env_00157 with job name env_00157-DBGCS2DGDVZQ
23:35:19 lrdn0391.leonardo.local SmartSim {/leonardo/home/userexternal/mxiao000/code/SmartFlow/examples/single_node_single_task_gpu_cfd_solver/envs} [338004:MainThread] INFO Stopping model env_00158 with job name env_00158-DBGCS2H2H4ON
23:35:19 lrdn0391.leonardo.local SmartSim {/leonardo/home/userexternal/mxiao000/code/SmartFlow/examples/single_node_single_task_gpu_cfd_solver/envs} [338004:MainThread] INFO Stopping model env_00159 with job name env_00159-DBGCS2KOQVP2
23:35:33 lrdn0391.leonardo.local SmartSim {/leonardo/home/userexternal/mxiao000/code/SmartFlow/examples/single_node_single_task_gpu_cfd_solver/envs} [338004:MainThread] INFO Stopping model env_00160 with job name env_00160-DBGCS983TITQ
23:35:33 lrdn0391.leonardo.local SmartSim {/leonardo/home/userexternal/mxiao000/code/SmartFlow/examples/single_node_single_task_gpu_cfd_solver/envs} [338004:MainThread] INFO Stopping model env_00161 with job name env_00161-DBGCS9BQUGWW
23:35:34 lrdn0391.leonardo.local SmartSim {/leonardo/home/userexternal/mxiao000/code/SmartFlow/examples/single_node_single_task_gpu_cfd_solver/envs} [338004:MainThread] INFO Stopping model env_00162 with job name env_00162-DBGCS9FD6ZGW
23:35:34 lrdn0391.leonardo.local SmartSim {/leonardo/home/userexternal/mxiao000/code/SmartFlow/examples/single_node_single_task_gpu_cfd_solver/envs} [338004:MainThread] INFO Stopping model env_00163 with job name env_00163-DBGCS9IZTYI7
23:35:48 lrdn0391.leonardo.local SmartSim {/leonardo/home/userexternal/mxiao000/code/SmartFlow/examples/single_node_single_task_gpu_cfd_solver/envs} [338004:MainThread] INFO Stopping model env_00164 with job name env_00164-DBGCSG1PVUXG
23:35:48 lrdn0391.leonardo.local SmartSim {/leonardo/home/userexternal/mxiao000/code/SmartFlow/examples/single_node_single_task_gpu_cfd_solver/envs} [338004:MainThread] INFO Stopping model env_00165 with job name env_00165-DBGCSG5CD0YV
23:35:49 lrdn0391.leonardo.local SmartSim {/leonardo/home/userexternal/mxiao000/code/SmartFlow/examples/single_node_single_task_gpu_cfd_solver/envs} [338004:MainThread] INFO Stopping model env_00166 with job name env_00166-DBGCSG8YYHHG
23:35:49 lrdn0391.leonardo.local SmartSim {/leonardo/home/userexternal/mxiao000/code/SmartFlow/examples/single_node_single_task_gpu_cfd_solver/envs} [338004:MainThread] INFO Stopping model env_00167 with job name env_00167-DBGCSGCLOR7W
23:36:04 lrdn0391.leonardo.local SmartSim {/leonardo/home/userexternal/mxiao000/code/SmartFlow/examples/single_node_single_task_gpu_cfd_solver/envs} [338004:MainThread] INFO Stopping model env_00168 with job name env_00168-DBGCSMWGJSAB
23:36:04 lrdn0391.leonardo.local SmartSim {/leonardo/home/userexternal/mxiao000/code/SmartFlow/examples/single_node_single_task_gpu_cfd_solver/envs} [338004:MainThread] INFO Stopping model env_00169 with job name env_00169-DBGCSN0369SV
23:36:04 lrdn0391.leonardo.local SmartSim {/leonardo/home/userexternal/mxiao000/code/SmartFlow/examples/single_node_single_task_gpu_cfd_solver/envs} [338004:MainThread] INFO Stopping model env_00170 with job name env_00170-DBGCSN3Q1XO4
23:36:04 lrdn0391.leonardo.local SmartSim {/leonardo/home/userexternal/mxiao000/code/SmartFlow/examples/single_node_single_task_gpu_cfd_solver/envs} [338004:MainThread] INFO Stopping model env_00171 with job name env_00171-DBGCSN7CVOH1
23:36:19 lrdn0391.leonardo.local SmartSim {/leonardo/home/userexternal/mxiao000/code/SmartFlow/examples/single_node_single_task_gpu_cfd_solver/envs} [338004:MainThread] INFO Stopping model env_00172 with job name env_00172-DBGCSTXCDLZO
23:36:19 lrdn0391.leonardo.local SmartSim {/leonardo/home/userexternal/mxiao000/code/SmartFlow/examples/single_node_single_task_gpu_cfd_solver/envs} [338004:MainThread] INFO Stopping model env_00173 with job name env_00173-DBGCSU0ZAUMQ
23:36:19 lrdn0391.leonardo.local SmartSim {/leonardo/home/userexternal/mxiao000/code/SmartFlow/examples/single_node_single_task_gpu_cfd_solver/envs} [338004:MainThread] INFO Stopping model env_00174 with job name env_00174-DBGCSU4MOPSQ
23:36:19 lrdn0391.leonardo.local SmartSim {/leonardo/home/userexternal/mxiao000/code/SmartFlow/examples/single_node_single_task_gpu_cfd_solver/envs} [338004:MainThread] INFO Stopping model env_00175 with job name env_00175-DBGCSU8AF2X1
23:36:34 lrdn0391.leonardo.local SmartSim {/leonardo/home/userexternal/mxiao000/code/SmartFlow/examples/single_node_single_task_gpu_cfd_solver/envs} [338004:MainThread] INFO Stopping model env_00176 with job name env_00176-DBGCT0X20KN2
23:36:34 lrdn0391.leonardo.local SmartSim {/leonardo/home/userexternal/mxiao000/code/SmartFlow/examples/single_node_single_task_gpu_cfd_solver/envs} [338004:MainThread] INFO Stopping model env_00177 with job name env_00177-DBGCT10PCC9U
23:36:34 lrdn0391.leonardo.local SmartSim {/leonardo/home/userexternal/mxiao000/code/SmartFlow/examples/single_node_single_task_gpu_cfd_solver/envs} [338004:MainThread] INFO Stopping model env_00178 with job name env_00178-DBGCT14CK6JM
23:36:34 lrdn0391.leonardo.local SmartSim {/leonardo/home/userexternal/mxiao000/code/SmartFlow/examples/single_node_single_task_gpu_cfd_solver/envs} [338004:MainThread] INFO Stopping model env_00179 with job name env_00179-DBGCT17ZUC8F
23:36:49 lrdn0391.leonardo.local SmartSim {/leonardo/home/userexternal/mxiao000/code/SmartFlow/examples/single_node_single_task_gpu_cfd_solver/envs} [338004:MainThread] INFO Stopping model env_00180 with job name env_00180-DBGCT7VH9RCC
23:36:49 lrdn0391.leonardo.local SmartSim {/leonardo/home/userexternal/mxiao000/code/SmartFlow/examples/single_node_single_task_gpu_cfd_solver/envs} [338004:MainThread] INFO Stopping model env_00181 with job name env_00181-DBGCT7Z5132D
23:36:49 lrdn0391.leonardo.local SmartSim {/leonardo/home/userexternal/mxiao000/code/SmartFlow/examples/single_node_single_task_gpu_cfd_solver/envs} [338004:MainThread] INFO Stopping model env_00182 with job name env_00182-DBGCT82S8LE1
23:36:49 lrdn0391.leonardo.local SmartSim {/leonardo/home/userexternal/mxiao000/code/SmartFlow/examples/single_node_single_task_gpu_cfd_solver/envs} [338004:MainThread] INFO Stopping model env_00183 with job name env_00183-DBGCT86FGAX3
23:37:04 lrdn0391.leonardo.local SmartSim {/leonardo/home/userexternal/mxiao000/code/SmartFlow/examples/single_node_single_task_gpu_cfd_solver/envs} [338004:MainThread] INFO Stopping model env_00184 with job name env_00184-DBGCTESL1OYM
23:37:04 lrdn0391.leonardo.local SmartSim {/leonardo/home/userexternal/mxiao000/code/SmartFlow/examples/single_node_single_task_gpu_cfd_solver/envs} [338004:MainThread] INFO Stopping model env_00185 with job name env_00185-DBGCTEW9PBLL
23:37:04 lrdn0391.leonardo.local SmartSim {/leonardo/home/userexternal/mxiao000/code/SmartFlow/examples/single_node_single_task_gpu_cfd_solver/envs} [338004:MainThread] INFO Stopping model env_00186 with job name env_00186-DBGCTEZXAZ4J
23:37:05 lrdn0391.leonardo.local SmartSim {/leonardo/home/userexternal/mxiao000/code/SmartFlow/examples/single_node_single_task_gpu_cfd_solver/envs} [338004:MainThread] INFO Stopping model env_00187 with job name env_00187-DBGCTF3L3TAV
23:37:19 lrdn0391.leonardo.local SmartSim {/leonardo/home/userexternal/mxiao000/code/SmartFlow/examples/single_node_single_task_gpu_cfd_solver/envs} [338004:MainThread] INFO Stopping model env_00188 with job name env_00188-DBGCTLPSQACM
23:37:19 lrdn0391.leonardo.local SmartSim {/leonardo/home/userexternal/mxiao000/code/SmartFlow/examples/single_node_single_task_gpu_cfd_solver/envs} [338004:MainThread] INFO Stopping model env_00189 with job name env_00189-DBGCTLTGQ0GO
23:37:19 lrdn0391.leonardo.local SmartSim {/leonardo/home/userexternal/mxiao000/code/SmartFlow/examples/single_node_single_task_gpu_cfd_solver/envs} [338004:MainThread] INFO Stopping model env_00190 with job name env_00190-DBGCTLX4YDKQ
23:37:20 lrdn0391.leonardo.local SmartSim {/leonardo/home/userexternal/mxiao000/code/SmartFlow/examples/single_node_single_task_gpu_cfd_solver/envs} [338004:MainThread] INFO Stopping model env_00191 with job name env_00191-DBGCTM0SZC8W
23:37:34 lrdn0391.leonardo.local SmartSim {/leonardo/home/userexternal/mxiao000/code/SmartFlow/examples/single_node_single_task_gpu_cfd_solver/envs} [338004:MainThread] INFO Stopping model env_00192 with job name env_00192-DBGCTSNQYQLZ
23:37:34 lrdn0391.leonardo.local SmartSim {/leonardo/home/userexternal/mxiao000/code/SmartFlow/examples/single_node_single_task_gpu_cfd_solver/envs} [338004:MainThread] INFO Stopping model env_00193 with job name env_00193-DBGCTSRF17OH
23:37:34 lrdn0391.leonardo.local SmartSim {/leonardo/home/userexternal/mxiao000/code/SmartFlow/examples/single_node_single_task_gpu_cfd_solver/envs} [338004:MainThread] INFO Stopping model env_00194 with job name env_00194-DBGCTSV2QHP8
23:37:35 lrdn0391.leonardo.local SmartSim {/leonardo/home/userexternal/mxiao000/code/SmartFlow/examples/single_node_single_task_gpu_cfd_solver/envs} [338004:MainThread] INFO Stopping model env_00195 with job name env_00195-DBGCTSYQGB6P
23:37:49 lrdn0391.leonardo.local SmartSim {/leonardo/home/userexternal/mxiao000/code/SmartFlow/examples/single_node_single_task_gpu_cfd_solver/envs} [338004:MainThread] INFO Stopping model env_00196 with job name env_00196-DBGCTZINXF1U
23:37:49 lrdn0391.leonardo.local SmartSim {/leonardo/home/userexternal/mxiao000/code/SmartFlow/examples/single_node_single_task_gpu_cfd_solver/envs} [338004:MainThread] INFO Stopping model env_00197 with job name env_00197-DBGCTZMBZ4HC
23:37:49 lrdn0391.leonardo.local SmartSim {/leonardo/home/userexternal/mxiao000/code/SmartFlow/examples/single_node_single_task_gpu_cfd_solver/envs} [338004:MainThread] INFO Stopping model env_00198 with job name env_00198-DBGCTZQ08HMX
23:37:50 lrdn0391.leonardo.local SmartSim {/leonardo/home/userexternal/mxiao000/code/SmartFlow/examples/single_node_single_task_gpu_cfd_solver/envs} [338004:MainThread] INFO Stopping model env_00199 with job name env_00199-DBGCTZTOMNRA
